<?xml version="1.1" encoding="UTF-8"?>
<testsuite name="co.edu.udea.codebreaker.CodeBreakerTest" tests="8" failures="0" errors="0" timestamp="2015-11-28T15:19:02" hostname="localhost.localdomain" time="0.045">
  <properties/>
  <testcase name="UnaXTres_" classname="co.edu.udea.codebreaker.CodeBreakerTest" time="0.01"/>
  <testcase name="dosX" classname="co.edu.udea.codebreaker.CodeBreakerTest" time="0.001"/>
  <testcase name="unaX" classname="co.edu.udea.codebreaker.CodeBreakerTest" time="0.001"/>
  <testcase name="todoX" classname="co.edu.udea.codebreaker.CodeBreakerTest" time="0.004"/>
  <testcase name="tresX" classname="co.edu.udea.codebreaker.CodeBreakerTest" time="0.007"/>
  <testcase name="cuatro_" classname="co.edu.udea.codebreaker.CodeBreakerTest" time="0.002"/>
  <testcase name="dosXDos_" classname="co.edu.udea.codebreaker.CodeBreakerTest" time="0.001"/>
  <testcase name="sinAcierto" classname="co.edu.udea.codebreaker.CodeBreakerTest" time="0.002"/>
  <system-out><![CDATA[]]></system-out>
  <system-err><![CDATA[]]></system-err>
</testsuite>
